<?xml version="1.0" encoding="UTF-8"?>
<!-- Generated by org.testng.reporters.JUnitXMLReporter -->
<testsuite ignored="0" hostname="Yas-Asifs-MacBook-Air.local" failures="0" tests="5" name="loginTest" time="13.227" errors="0" timestamp="2021-09-05T03:25:37 EDT">
  <testcase classname="saucedemoPackage.loginfunction" name="browseURl" time="8.04"/>
  <testcase classname="saucedemoPackage.locked_user_saucedemo" name="browseURl" time="8.152"/>
  <testcase classname="saucedemoPackage.locked_user_saucedemo" name="login" time="1.558"/>
  <testcase classname="saucedemoPackage.loginfunction" name="login" time="4.861"/>
  <testcase classname="saucedemoPackage.loginfunction" name="validation" time="0.023"/>
</testsuite> <!-- loginTest -->
