<?xml version="1.0" encoding="UTF-8"?>
<!-- Generated by org.testng.reporters.JUnitXMLReporter -->
<testsuite ignored="0" hostname="Yas-Asifs-MacBook-Air.local" failures="1" tests="3" name="loginTest" time="12.245" errors="0" timestamp="2021-09-04T23:34:58 EDT">
  <testcase classname="saucedemoPackage.loginfunction" name="browseURl" time="7.772"/>
  <testcase classname="saucedemoPackage.loginfunction" name="login" time="4.276"/>
  <testcase classname="saucedemoPackage.loginfunction" name="validation" time="0.023">
    <failure type="java.lang.AssertionError" message="expected [Swag Lab] but found [Swag Labs]">
      <![CDATA[java.lang.AssertionError: expected [Swag Lab] but found [Swag Labs]
at saucedemoPackage.loginfunction.validation(loginfunction.java:46)
at java.base/java.util.ArrayList.forEach(ArrayList.java:1511)
... Removed 33 stack frames]]>
    </failure>
  </testcase> <!-- validation -->
</testsuite> <!-- loginTest -->
