<?xml version="1.0" encoding="UTF-8"?>
<testng-results ignored="0" total="5" passed="5" failed="0" skipped="0">
  <reporter-output>
  </reporter-output>
  <suite started-at="2021-09-05T03:25:24 EDT" name="saucedemo" finished-at="2021-09-05T03:25:37 EDT" duration-ms="13227">
    <groups>
    </groups>
    <test started-at="2021-09-05T03:25:24 EDT" name="loginTest" finished-at="2021-09-05T03:25:37 EDT" duration-ms="13227">
      <class name="saucedemoPackage.locked_user_saucedemo">
        <test-method signature="browseURl()[pri:0, instance:saucedemoPackage.locked_user_saucedemo@2cbb3d47]" started-at="2021-09-05T03:25:24 EDT" name="browseURl" finished-at="2021-09-05T03:25:32 EDT" duration-ms="8152" status="PASS">
          <reporter-output>
          </reporter-output>
        </test-method> <!-- browseURl -->
        <test-method signature="login()[pri:0, instance:saucedemoPackage.locked_user_saucedemo@2cbb3d47]" started-at="2021-09-05T03:25:32 EDT" name="login" finished-at="2021-09-05T03:25:33 EDT" duration-ms="1558" status="PASS">
          <reporter-output>
          </reporter-output>
        </test-method> <!-- login -->
        <test-method is-config="true" signature="close()[pri:0, instance:saucedemoPackage.locked_user_saucedemo@2cbb3d47]" started-at="2021-09-05T03:25:37 EDT" name="close" finished-at="2021-09-05T03:25:37 EDT" duration-ms="127" status="PASS">
          <reporter-output>
          </reporter-output>
        </test-method> <!-- close -->
      </class> <!-- saucedemoPackage.locked_user_saucedemo -->
      <class name="saucedemoPackage.loginfunction">
        <test-method signature="browseURl()[pri:0, instance:saucedemoPackage.loginfunction@7a52f2a2]" started-at="2021-09-05T03:25:24 EDT" name="browseURl" finished-at="2021-09-05T03:25:32 EDT" duration-ms="8040" status="PASS">
          <reporter-output>
          </reporter-output>
        </test-method> <!-- browseURl -->
        <test-method signature="login()[pri:0, instance:saucedemoPackage.loginfunction@7a52f2a2]" started-at="2021-09-05T03:25:32 EDT" name="login" finished-at="2021-09-05T03:25:37 EDT" duration-ms="4861" status="PASS">
          <reporter-output>
          </reporter-output>
        </test-method> <!-- login -->
        <test-method signature="validation()[pri:0, instance:saucedemoPackage.loginfunction@7a52f2a2]" started-at="2021-09-05T03:25:37 EDT" name="validation" finished-at="2021-09-05T03:25:37 EDT" duration-ms="23" status="PASS">
          <reporter-output>
          </reporter-output>
        </test-method> <!-- validation -->
        <test-method is-config="true" signature="close()[pri:0, instance:saucedemoPackage.loginfunction@7a52f2a2]" started-at="2021-09-05T03:25:37 EDT" name="close" finished-at="2021-09-05T03:25:37 EDT" duration-ms="117" status="PASS">
          <reporter-output>
          </reporter-output>
        </test-method> <!-- close -->
      </class> <!-- saucedemoPackage.loginfunction -->
    </test> <!-- loginTest -->
  </suite> <!-- saucedemo -->
</testng-results>
